<?xml version="1.0" encoding="UTF-8"?>
<testng-results skipped="0" failed="0" ignored="0" total="1" passed="1">
  <reporter-output>
  </reporter-output>
  <suite name="Default suite" duration-ms="53190" started-at="2017-11-22T09:58:50Z" finished-at="2017-11-22T09:59:43Z">
    <groups>
    </groups>
    <test name="Default test" duration-ms="53190" started-at="2017-11-22T09:58:50Z" finished-at="2017-11-22T09:59:43Z">
      <class name="com.selenium.sample.Gmaillogin">
        <test-method status="PASS" signature="Gmail()[pri:0, instance:com.selenium.sample.Gmaillogin@4520ebad]" name="Gmail" duration-ms="53153" started-at="2017-11-22T15:28:50Z" finished-at="2017-11-22T15:29:43Z">
          <reporter-output>
          </reporter-output>
        </test-method> <!-- Gmail -->
      </class> <!-- com.selenium.sample.Gmaillogin -->
    </test> <!-- Default test -->
  </suite> <!-- Default suite -->
</testng-results>
